d:\university stuff\projects\planes\planes\debug\vc142.pdb
d:\university stuff\projects\planes\planes\debug\vc142.idb
d:\university stuff\projects\planes\planes\debug\main.obj
d:\university stuff\projects\planes\planes\debug\plane.obj
d:\university stuff\projects\planes\debug\planes.pdb
d:\university stuff\projects\planes\planes\debug\planes.tlog\cl.command.1.tlog
d:\university stuff\projects\planes\planes\debug\planes.tlog\cl.read.1.tlog
d:\university stuff\projects\planes\planes\debug\planes.tlog\cl.write.1.tlog
d:\university stuff\projects\planes\planes\debug\planes.tlog\link-cvtres.read.1.tlog
d:\university stuff\projects\planes\planes\debug\planes.tlog\link-cvtres.write.1.tlog
d:\university stuff\projects\planes\planes\debug\planes.tlog\link-rc.read.1.tlog
d:\university stuff\projects\planes\planes\debug\planes.tlog\link-rc.write.1.tlog
d:\university stuff\projects\planes\planes\debug\planes.tlog\link.2028-cvtres.read.1.tlog
d:\university stuff\projects\planes\planes\debug\planes.tlog\link.2028-cvtres.write.1.tlog
d:\university stuff\projects\planes\planes\debug\planes.tlog\link.2028-rc.read.1.tlog
d:\university stuff\projects\planes\planes\debug\planes.tlog\link.2028-rc.write.1.tlog
d:\university stuff\projects\planes\planes\debug\planes.tlog\link.2028.read.1.tlog
d:\university stuff\projects\planes\planes\debug\planes.tlog\link.2028.write.1.tlog
d:\university stuff\projects\planes\planes\debug\planes.tlog\link.command.1.tlog
d:\university stuff\projects\planes\planes\debug\planes.tlog\link.read.1.tlog
d:\university stuff\projects\planes\planes\debug\planes.tlog\link.write.1.tlog
